-------------------------------------------------------------------------------
Test set: com.tutorial.crud.AteneaApplicationTests
-------------------------------------------------------------------------------
Tests run: 1, Failures: 0, Errors: 1, Skipped: 0, Time elapsed: 0.747 s <<< FAILURE! - in com.tutorial.crud.AteneaApplicationTests
com.tutorial.crud.AteneaApplicationTests  Time elapsed: 0.744 s  <<< ERROR!
java.lang.IllegalStateException: Unable to find a @SpringBootConfiguration, you need to use @ContextConfiguration or @SpringBootTest(classes=...) with your test

